# JRE version: Java(TM) SE Runtime Environment (8.0_371) (build 1.8.0_371-b11)
# Java VM: Java HotSpot(TM) 64-Bit Server VM (25.371-b11 mixed mode windows-amd64 compressed oops)
Heap:
 PSYoungGen      total 28672K, used 21260K [0x00000000e0980000, 0x00000000e2980000, 0x0000000100000000)
  eden space 24576K, 86% used [0x00000000e0980000,0x00000000e1e43058,0x00000000e2180000)
  from space 4096K, 0% used [0x00000000e2180000,0x00000000e2180000,0x00000000e2580000)
  to   space 4096K, 0% used [0x00000000e2580000,0x00000000e2580000,0x00000000e2980000)
 ParOldGen       total 46080K, used 1035K [0x00000000a1c00000, 0x00000000a4900000, 0x00000000e0980000)
  object space 46080K, 2% used [0x00000000a1c00000,0x00000000a1d02d68,0x00000000a4900000)
 Metaspace       used 16581K, capacity 16874K, committed 17152K, reserved 1069056K
  class space    used 1959K, capacity 2033K, committed 2048K, reserved 1048576K
GC Heap History (4 events):
Event: 0.375 GC heap before
{Heap before GC invocations=1 (full 0):
 PSYoungGen      total 28672K, used 3933K [0x00000000e0980000, 0x00000000e2980000, 0x0000000100000000)
  eden space 24576K, 16% used [0x00000000e0980000,0x00000000e0d57558,0x00000000e2180000)
  from space 4096K, 0% used [0x00000000e2580000,0x00000000e2580000,0x00000000e2980000)
  to   space 4096K, 0% used [0x00000000e2180000,0x00000000e2180000,0x00000000e2580000)
 ParOldGen       total 65536K, used 0K [0x00000000a1c00000, 0x00000000a5c00000, 0x00000000e0980000)
  object space 65536K, 0% used [0x00000000a1c00000,0x00000000a1c00000,0x00000000a5c00000)
 Metaspace       used 7217K, capacity 7350K, committed 7424K, reserved 1060864K
  class space    used 869K, capacity 963K, committed 1024K, reserved 1048576K
Event: 0.377 GC heap after
Heap after GC invocations=1 (full 0):
 PSYoungGen      total 28672K, used 1136K [0x00000000e0980000, 0x00000000e2980000, 0x0000000100000000)
  eden space 24576K, 0% used [0x00000000e0980000,0x00000000e0980000,0x00000000e2180000)
  from space 4096K, 27% used [0x00000000e2180000,0x00000000e229c010,0x00000000e2580000)
  to   space 4096K, 0% used [0x00000000e2580000,0x00000000e2580000,0x00000000e2980000)
 ParOldGen       total 65536K, used 8K [0x00000000a1c00000, 0x00000000a5c00000, 0x00000000e0980000)
  object space 65536K, 0% used [0x00000000a1c00000,0x00000000a1c02000,0x00000000a5c00000)
 Metaspace       used 7217K, capacity 7350K, committed 7424K, reserved 1060864K
  class space    used 869K, capacity 963K, committed 1024K, reserved 1048576K
}
Event: 0.377 GC heap before
{Heap before GC invocations=2 (full 1):
 PSYoungGen      total 28672K, used 1136K [0x00000000e0980000, 0x00000000e2980000, 0x0000000100000000)
  eden space 24576K, 0% used [0x00000000e0980000,0x00000000e0980000,0x00000000e2180000)
  from space 4096K, 27% used [0x00000000e2180000,0x00000000e229c010,0x00000000e2580000)
  to   space 4096K, 0% used [0x00000000e2580000,0x00000000e2580000,0x00000000e2980000)
 ParOldGen       total 65536K, used 8K [0x00000000a1c00000, 0x00000000a5c00000, 0x00000000e0980000)
  object space 65536K, 0% used [0x00000000a1c00000,0x00000000a1c02000,0x00000000a5c00000)
 Metaspace       used 7217K, capacity 7350K, committed 7424K, reserved 1060864K
  class space    used 869K, capacity 963K, committed 1024K, reserved 1048576K
Event: 0.386 GC heap after
Heap after GC invocations=2 (full 1):
 PSYoungGen      total 28672K, used 0K [0x00000000e0980000, 0x00000000e2980000, 0x0000000100000000)
  eden space 24576K, 0% used [0x00000000e0980000,0x00000000e0980000,0x00000000e2180000)
  from space 4096K, 0% used [0x00000000e2180000,0x00000000e2180000,0x00000000e2580000)
  to   space 4096K, 0% used [0x00000000e2580000,0x00000000e2580000,0x00000000e2980000)
 ParOldGen       total 46080K, used 1035K [0x00000000a1c00000, 0x00000000a4900000, 0x00000000e0980000)
  object space 46080K, 2% used [0x00000000a1c00000,0x00000000a1d02d68,0x00000000a4900000)
 Metaspace       used 7217K, capacity 7350K, committed 7424K, reserved 1058816K
  class space    used 869K, capacity 963K, committed 1024K, reserved 1048576K
}

